3828
2775
4371
4753
1830
171
1176
4851
4371
4753
91
4656
1711
325
1770
2701
1035
903
153
1596
780
105
990
4005
1431
1830
3828
253
4186
171
630
1596
3828
2278
2485
3160
91
1176
3828
3486
1128
2556
2278
1953
3160
300
780
406
66
3403
1653
3160
210
3240
171
2556
1128
105
1176
325
1770
780
2850
2145
3570
3081
1431
990
465
2145
66
3828
66
4371
903
1275
1275
210
2211
903
1891
3916
3403
1128
903
2211
325
300
465
4465
4095
1431
3570
1596
1275
66
91
4186
4278
300
4371
1225
595
91
2556
1596
136
4656
1081
105
253
1081
2016
465
2415
1378
3486
3916
3081
3570
990
3570
3828
465
2556
2080
4950
2850
1830
4278
1431
3655
4753
1596
78
120
4560
105
3240
2556
4005
3403
190
276
4186
4656
435
2346
378
3081
66
136
2211
1653
3081
595
1378
2775
630
105
595
1653
2016
2926
820
2211
2278
406
2145
78
3003
4005
3003
561
4465
1596
3741
3570
4950
703
3741
1711
2080
2346
2485
4465
4005
105
435
1540
1035
2145
2850
3321
1653
253
2556
595
325
1081
351
2926
861
1653
351
1431
595
4371
3240
136
406
3741
66
1225
120
1326
2926
4560
378
2211
4950
2775
3570
4950
2278
861
903
2278
4371
378
2628
4465
561
2701
3081
210
1128
78
4851
990
3570
595
2628
1225
91
4656
3570
2278
1035
4465
351
4753
153
2145
1275
4371
528
4005
253
2080
820
741
861
435
2278
1770
2211
1485
1431
153
1711
1431
4560
105
1596
1378
528
3321
3240
3160
3570
4278
1830
1378
4095
1770
3403
1431
2556
190
2926
561
1225
2016
406
4095
4005
153
4465
66
2485
351
2926
741
3916
3570
325
861
528
780
2080
1176
903
2775
780
210
595
4465
3570
3570
3081
55
1378
3240
1275
406
2145
253
3321
351
66
2145
2850
1176
325
990
1540
1081
378
2485
1275
595
1326
861
120
4851
1770
325
861
703
231
3741
2556
351
2278
2211
4005
210
3486
990
630
4950
1485
91
3081
561
2926
4186
2926
4656
630
946
3828
741
231
2628
741
3486
703
55
630
2556
2145
1128
210
3240
903
66
1485
903
3570
2628
66
2415
78
1596
210
4465
595
1953
171
3741
1540
2145
496
3240
3486
1891
2485
1770
780
3828
4005
4753
1953
1378
4095
465
2145
666
3741
1485
2556
4656
741
1275
3160
3916
406
4095
325
1653
210
4005
2926
2628
528
3403
4656
2211
231
1378
1953
630
276
406
2415
1326
2211
3828
1326
1830
2415
861
630
2346
3321
2080
325
1081
1035
2415
4851
325
2145
2415
630
406
2080
120
171
496
171
3828
300
2415
465
378
4095
1225
990
561
78
3486
231
136
4753
3240
120
1711
2145
2016
378
4950
1953
1953
3321
120
3655
990
666
1770
1326
1653
780
4753
2211
3240
2850
990
4465
378
406
4950
253
2628
496
3570
820
153
1326
325
2346
153
2556
4278
4465
4278
120
120
1596
378
91
171
741
55
465
4851
2080
3240
1275
990
378
231
4371
595
3741
406
2485
1378
2926
3240
4095
4656
3916
1596
1326
2016
378
990
2145
3240
3741
3240
1485
2346
741
1953
2278
1830
741
1128
1653
465
1891
1035
2415
120
630
861
820
861
4278
1378
2775
231
1378
2145
703
903
2016
1830
3321
3486
1081
496
4560
55
4465
496
1176
780
91
4560
3570
3655
741
3003
190
946
741
1176
171
190
55
741
465
3403
4560
3828
1225
253
741
2211
3486
1081
171
1128
435
2346
2775
3160
1035
1485
4371
703
2926
703
435
4278
2016
300
4656
465
210
78
1953
2926
2485
3403
1431
1711
1431
741
3655
253
1035
378
1711
2926
946
1485
3570
3741
666
253
325
120
3916
2415
3081
2016
1891
3003
1431
903
406
780
1128
136
4560
435
4656
1653
378
1711
153
3655
351
820
666
2926
4371
703
2016
300
703
2850
1275
3403
1275
820
4278
946
703
820
2211
2080
1711
1830
55
465
2556
253
2628
351
703
1431
561
91
1830
1770
325
820
780
2628
406
4095
153
2016
1770
1081
3403
120
210
3081
3741
741
4371
55
105
3321
780
3081
2211
741
406
1830
946
276
1830
2701
105
3003
2926
435
1830
105
1035
2415
4095
465
2556
153
3240
1378
4095
630
2701
1711
1176
105
2080
1711
136
2775
2485
2701
1176
4186
1275
4278
1653
496
4095
231
1326
2775
171
2485
4753
4560
2080
3741
1225
1711
1830
2211
1653
2850
1653
3828
861
1653
2775
153
435
4656
2850
1596
351
210
4005
4753
210
528
861
465
4095
325
528
3003
1275
903
276
4851
276
4371
2145
3321
4465
1770
253
4095
1225
3003
1891
153
1891
55
66
903
2145
3403
666
780
2775
120
4753
946
91
903
990
3916
561
91
253
1176
528
351
2145
2775
300
1540
136
861
78
2850
1596
210
325
1540
4851
276
3655
1485
1378
3916
253
4005
595
3741
1770
3240
3828
136
990
780
4851
1770
3916
378
2016
2775
465
3570
666
1431
378
1431
630
4753
496
1596
91
4753
2926
3486
210
630
741
105
190
231
2628
1891
190
3081
91
4278
1378
1953
820
435
1225
3321
3003
2628
4278
561
351
4851
1830
3741
1485
4656
1485
990
595
1953
1891
903
231
1378
3081
66
3655
820
120
666
1596
136
1176
1596
741
595
153
1431
990
820
1225
1275
496
153
1653
153
595
3321
2080
990
3828
1711
2485
2628
1035
1378
2775
1653
2850
990
741
3321
2016
4465
496
2485
171
741
1176
2346
2485
1770
378
136
190
595
2145
630
406
378
